<?xml version="1.0" encoding="UTF-8"?>
<testsuite name="Solution41Test" tests="2" skipped="0" failures="0" errors="0" timestamp="2021-10-09T23:33:56" hostname="DESKTOP-K3I2PFM" time="0.026">
  <properties/>
  <testcase name="readingData()" classname="Solution41Test" time="0.024"/>
  <testcase name="TestingDataLength()" classname="Solution41Test" time="0.001"/>
  <system-out><![CDATA[]]></system-out>
  <system-err><![CDATA[]]></system-err>
</testsuite>
